c:\users\tetcos\desktop\v10.2\lte x2 handover\64bit\code\lte\x64\debug\vc140.pdb
c:\users\tetcos\desktop\v10.2\lte x2 handover\64bit\code\lte\x64\debug\vc140.idb
c:\users\tetcos\desktop\v10.2\lte x2 handover\64bit\code\lte\x64\debug\ca.obj
c:\users\tetcos\desktop\v10.2\lte x2 handover\64bit\code\lte\x64\debug\d2d.obj
c:\users\tetcos\desktop\v10.2\lte x2 handover\64bit\code\lte\x64\debug\femtocell.obj
c:\users\tetcos\desktop\v10.2\lte x2 handover\64bit\code\lte\x64\debug\harq.obj
c:\users\tetcos\desktop\v10.2\lte x2 handover\64bit\code\lte\x64\debug\lte.obj
c:\users\tetcos\desktop\v10.2\lte x2 handover\64bit\code\lte\x64\debug\lte_enum.obj
c:\users\tetcos\desktop\v10.2\lte x2 handover\64bit\code\lte\x64\debug\lte_phy.obj
c:\users\tetcos\desktop\v10.2\lte x2 handover\64bit\code\lte\x64\debug\mac_scheduler.obj
c:\users\tetcos\desktop\v10.2\lte x2 handover\64bit\code\lte\x64\debug\mimo.obj
c:\users\tetcos\desktop\v10.2\lte x2 handover\64bit\code\lte\x64\debug\nas.obj
c:\users\tetcos\desktop\v10.2\lte x2 handover\64bit\code\lte\x64\debug\pdcp.obj
c:\users\tetcos\desktop\v10.2\lte x2 handover\64bit\code\lte\x64\debug\relay.obj
c:\users\tetcos\desktop\v10.2\lte x2 handover\64bit\code\lte\x64\debug\rlc.obj
c:\users\tetcos\desktop\v10.2\lte x2 handover\64bit\code\lte\x64\debug\rrc.obj
c:\users\tetcos\desktop\v10.2\lte x2 handover\64bit\code\dll\liblte.dll
c:\users\tetcos\desktop\v10.2\lte x2 handover\64bit\code\dll\lte.pdb
c:\users\tetcos\desktop\v10.2\lte x2 handover\64bit\code\dll\lte.lib
c:\users\tetcos\desktop\v10.2\lte x2 handover\64bit\code\dll\lte.exp
e:\final_projects_v10.2\lte x2 handover\64bit\code\lte\x64\debug\ca.obj
e:\final_projects_v10.2\lte x2 handover\64bit\code\lte\x64\debug\d2d.obj
e:\final_projects_v10.2\lte x2 handover\64bit\code\lte\x64\debug\femtocell.obj
e:\final_projects_v10.2\lte x2 handover\64bit\code\lte\x64\debug\harq.obj
e:\final_projects_v10.2\lte x2 handover\64bit\code\lte\x64\debug\lte.obj
e:\final_projects_v10.2\lte x2 handover\64bit\code\lte\x64\debug\lte_enum.obj
e:\final_projects_v10.2\lte x2 handover\64bit\code\lte\x64\debug\lte_phy.obj
e:\final_projects_v10.2\lte x2 handover\64bit\code\lte\x64\debug\mac_scheduler.obj
e:\final_projects_v10.2\lte x2 handover\64bit\code\lte\x64\debug\mimo.obj
e:\final_projects_v10.2\lte x2 handover\64bit\code\lte\x64\debug\nas.obj
e:\final_projects_v10.2\lte x2 handover\64bit\code\lte\x64\debug\pdcp.obj
e:\final_projects_v10.2\lte x2 handover\64bit\code\lte\x64\debug\relay.obj
e:\final_projects_v10.2\lte x2 handover\64bit\code\lte\x64\debug\rlc.obj
e:\final_projects_v10.2\lte x2 handover\64bit\code\lte\x64\debug\rrc.obj
e:\final_projects_v10.2\lte x2 handover\64bit\code\lte\x64\debug\vc140.idb
e:\final_projects_v10.2\lte x2 handover\64bit\code\lte\x64\debug\vc140.pdb
e:\final_projects_v10.2\lte x2 handover\64bit\code\lte\x64\debug\lte.tlog\cl.command.1.tlog
e:\final_projects_v10.2\lte x2 handover\64bit\code\lte\x64\debug\lte.tlog\cl.read.1.tlog
e:\final_projects_v10.2\lte x2 handover\64bit\code\lte\x64\debug\lte.tlog\cl.write.1.tlog
e:\final_projects_v10.2\lte x2 handover\64bit\code\lte\x64\debug\lte.tlog\link.command.1.tlog
e:\final_projects_v10.2\lte x2 handover\64bit\code\lte\x64\debug\lte.tlog\link.read.1.tlog
e:\final_projects_v10.2\lte x2 handover\64bit\code\lte\x64\debug\lte.tlog\link.write.1.tlog
e:\final_projects_v10.2\lte x2 handover\64bit\code\lte\x64\debug\lte.tlog\lte.write.1u.tlog
